<?xml version="1.0" encoding="UTF-8"?>
<!-- Generated by org.testng.reporters.JUnitReportReporter -->
<testsuite skipped="0" hostname="SuneelReddy-PC" name="WeatherUpdate" tests="4" failures="0" timestamp="19 Apr 2018 03:30:29 GMT" time="3.575" errors="0">
  <testcase name="getHeaders" time="0.320" classname="WeatherUpdate"/>
  <testcase name="getHeaders" time="0.343" classname="WeatherUpdate"/>
  <testcase name="getHeaders" time="0.606" classname="WeatherUpdate"/>
  <testcase name="getHeaders" time="2.306" classname="WeatherUpdate"/>
</testsuite> <!-- WeatherUpdate -->
