<?xml version="1.0" encoding="UTF-8"?>
<!-- Generated by org.testng.reporters.JUnitReportReporter -->
<testsuite skipped="0" hostname="SuneelReddy-PC" name="GetTheWeatherURL" tests="1" failures="0" timestamp="02 May 2018 04:01:05 GMT" time="4.192" errors="0">
  <testcase name="passingAuthenticaton" time="4.192" classname="GetTheWeatherURL"/>
</testsuite> <!-- GetTheWeatherURL -->
